<?xml version="1.0" encoding="UTF-8"?>
<!-- Generated by org.testng.reporters.JUnitReportReporter -->
<testsuite hostname="heptagon" failures="0" tests="2" name="testcases.OpenBrowser" time="9.847" errors="0" timestamp="2024-01-19T19:26:12 IST" skipped="0">
  <testcase classname="testcases.OpenBrowser" name="teststore_Automation_Testing" time="6.825"/>
  <testcase classname="testcases.OpenBrowser" name="get_Automation_Testing_Website" time="3.022"/>
</testsuite> <!-- testcases.OpenBrowser -->
