<?xml version="1.0" encoding="UTF-8"?>
<!-- Generated by org.testng.reporters.JUnitReportReporter -->
<testsuite hostname="heptagon" failures="0" tests="3" name="testcases.OpenBrowser" time="17.689" errors="0" timestamp="2024-01-20T15:54:46 IST" skipped="0">
  <testcase classname="testcases.OpenBrowser" name="get_Automation_Testing_Website" time="5.118"/>
  <testcase classname="testcases.OpenBrowser" name="get_Automation_Testing_Website2" time="5.235"/>
  <testcase classname="testcases.OpenBrowser" name="teststore_Automation_Testing" time="7.336"/>
</testsuite> <!-- testcases.OpenBrowser -->
